<?xml version="1.0" encoding="UTF-8" ?>
<testsuite tests="9" failures="0" name="org.folio.edge.ncip.MainVerticleTest" time="1.942" errors="0" skipped="0">
  <properties>
    <property name="java.runtime.name" value="OpenJDK Runtime Environment"/>
    <property name="java.vm.version" value="17.0.2+8-86"/>
    <property name="sun.boot.library.path" value="C:\Program Files\AdoptOpenJDK\jdk-17.0.2\bin"/>
    <property name="maven.multiModuleProjectDirectory" value="C:\Michelle\releases\poppy-builds\edge-ncip-1.9.1\edge-ncip"/>
    <property name="java.vm.vendor" value="Oracle Corporation"/>
    <property name="java.vendor.url" value="https://java.oracle.com/"/>
    <property name="guice.disable.misplaced.annotation.check" value="true"/>
    <property name="path.separator" value=";"/>
    <property name="java.vm.name" value="OpenJDK 64-Bit Server VM"/>
    <property name="sun.os.patch.level" value=""/>
    <property name="user.script" value=""/>
    <property name="user.country" value="US"/>
    <property name="sun.java.launcher" value="SUN_STANDARD"/>
    <property name="java.vm.specification.name" value="Java Virtual Machine Specification"/>
    <property name="user.dir" value="C:\Michelle\releases\poppy-builds\edge-ncip-1.9.1\edge-ncip"/>
    <property name="java.vm.compressedOopsMode" value="Zero based"/>
    <property name="java.runtime.version" value="17.0.2+8-86"/>
    <property name="os.arch" value="amd64"/>
    <property name="java.io.tmpdir" value="C:\Users\MSURAN~1\AppData\Local\Temp\1\"/>
    <property name="line.separator" value="
"/>
    <property name="java.vm.specification.vendor" value="Oracle Corporation"/>
    <property name="user.variant" value=""/>
    <property name="os.name" value="Windows 10"/>
    <property name="classworlds.conf" value="C:\Program Files\apache-maven-3.8.1\bin\..\bin\m2.conf"/>
    <property name="sun.jnu.encoding" value="Cp1252"/>
    <property name="java.library.path" value="C:\Program Files\AdoptOpenJDK\jdk-17.0.2\bin;C:\WINDOWS\Sun\Java\bin;C:\WINDOWS\system32;C:\WINDOWS;C:\Program Files\Python39\Scripts\;C:\Program Files\Python39\;C:\Windows;C:\Windows\System32\Wbem;C:\Program Files\YAZ\bin;C:\Program Files\apache-maven-3.8.1\bin;C:\Windows\System32\OpenSSH;C:\Program Files\010 Editor;C:\ProgramData\ComposerSetup\bin;C:\WINDOWS\system32\config\systemprofile\AppData\Local\Microsoft\WindowsApps;C:\WINDOWS\system32\config\systemprofile\AppData\Roaming\npm;C:\Program Files (x86)\Adaptiva\AdaptivaClient\bin\x32;C:\Program Files (x86)\Adaptiva\AdaptivaClient\bin\x64;C:\Program Files\nodejs\;C:\Program Files\PuTTY\;C:\Program Files\Git\cmd;C:\Program Files\Git\mingw64\bin;C:\Program Files\Git\usr\bin;C:\Program Files\Docker\Docker\resources\bin;C:\ProgramData\DockerDesktop\version-bin;C:\Users\MSuranofsky\AppData\Local\Microsoft\WindowsApps;C:\Program Files\PostgreSQL\10\bin;C:\Users\MSuranofsky\AppData\Roaming\npm;C:\Users\MSuranofsky\AppData\Local\Yarn\bin;C:\Users\MSuranofsky\AppData\Local\GitHubDesktop\bin;C:\xampp\php;C:\Users\MSuranofsky\AppData\Roaming\Composer\vendor\bin;C:\Program Files\AdoptOpenJDK\jdk-17.0.2\bin;;."/>
    <property name="maven.conf" value="C:\Program Files\apache-maven-3.8.1\bin\../conf"/>
    <property name="jdk.debug" value="release"/>
    <property name="java.class.version" value="61.0"/>
    <property name="java.specification.name" value="Java Platform API Specification"/>
    <property name="sun.management.compiler" value="HotSpot 64-Bit Tiered Compilers"/>
    <property name="os.version" value="10.0"/>
    <property name="library.jansi.path" value="C:\Program Files\apache-maven-3.8.1\bin\..\lib\jansi-native"/>
    <property name="user.home" value="C:\Users\MSuranofsky"/>
    <property name="user.timezone" value="America/New_York"/>
    <property name="file.encoding" value="Cp1252"/>
    <property name="java.specification.version" value="17"/>
    <property name="user.name" value="MSuranofsky"/>
    <property name="java.class.path" value="C:\Program Files\apache-maven-3.8.1\bin\..\boot\plexus-classworlds-2.6.0.jar"/>
    <property name="java.vm.specification.version" value="17"/>
    <property name="sun.arch.data.model" value="64"/>
    <property name="sun.java.command" value="org.codehaus.plexus.classworlds.launcher.Launcher clean install"/>
    <property name="java.home" value="C:\Program Files\AdoptOpenJDK\jdk-17.0.2"/>
    <property name="user.language" value="en"/>
    <property name="java.specification.vendor" value="Oracle Corporation"/>
    <property name="java.vm.info" value="mixed mode, sharing"/>
    <property name="java.version" value="17.0.2"/>
    <property name="native.encoding" value="Cp1252"/>
    <property name="java.vendor" value="Oracle Corporation"/>
    <property name="sun.stderr.encoding" value="cp437"/>
    <property name="maven.home" value="C:\Program Files\apache-maven-3.8.1\bin\.."/>
    <property name="file.separator" value="\"/>
    <property name="java.version.date" value="2022-01-18"/>
    <property name="java.vendor.url.bug" value="https://bugreport.java.com/bugreport/"/>
    <property name="sun.io.unicode.encoding" value="UnicodeLittle"/>
    <property name="sun.cpu.endian" value="little"/>
    <property name="sun.stdout.encoding" value="cp437"/>
    <property name="sun.cpu.isalist" value="amd64"/>
  </properties>
  <testcase classname="org.folio.edge.ncip.MainVerticleTest" name="testErrorMessage" time="0.004"/>
  <testcase classname="org.folio.edge.ncip.MainVerticleTest" name="testErrorCodeEquality" time="0"/>
  <testcase classname="org.folio.edge.ncip.MainVerticleTest" name="testErrorMessageEqualityWithNull" time="0.001"/>
  <testcase classname="org.folio.edge.ncip.MainVerticleTest" name="testNciphealthcheck" time="1.65"/>
  <testcase classname="org.folio.edge.ncip.MainVerticleTest" name="testAdminHealthShouldSucceed" time="0.047"/>
  <testcase classname="org.folio.edge.ncip.MainVerticleTest" name="testErrorMessagesEquality" time="0"/>
  <testcase classname="org.folio.edge.ncip.MainVerticleTest" name="testConfigCheck" time="0.037"/>
  <testcase classname="org.folio.edge.ncip.MainVerticleTest" name="failsWhenBadApiKeyProvided" time="0.155"/>
  <testcase classname="org.folio.edge.ncip.MainVerticleTest" name="successWithGoodKey" time="0.048"/>
</testsuite>